<?xml version="1.0" encoding="UTF-8"?>
<!-- Generated by org.testng.reporters.JUnitXMLReporter -->
<testsuite hostname="LAPTOP-F7OMCQ2C" name="Test" tests="2" failures="2" timestamp="7 Dec 2019 04:27:27 GMT" time="38.679" errors="0">
  <testcase name="checkwarningmsg" time="9.634" classname="com.qa.test.HomePageTest">
    <failure type="java.lang.AssertionError" message="expected [If you want to be able to fully use the AdminModules panel and have free modules available, you should enable the following configuration on your server
- Enable PHP&amp;apos;s allow_url_fopen setting] but found []">
      <![CDATA[java.lang.AssertionError: expected [If you want to be able to fully use the AdminModules panel and have free modules available, you should enable the following configuration on your server
- Enable PHP's allow_url_fopen setting] but found []
	at com.qa.test.HomePageTest.checkwarningmsg(HomePageTest.java:73)
... Removed 29 stack frames]]>
    </failure>
  </testcase> <!-- checkwarningmsg -->
  <testcase name="checkmrktplctitle" time="5.993" classname="com.qa.test.HomePageTest">
    <failure type="java.lang.AssertionError" message="expected [exp] but found [Dashboard • SHOPCART]">
      <![CDATA[java.lang.AssertionError: expected [exp] but found [Dashboard • SHOPCART]
	at com.qa.test.HomePageTest.checkmrktplctitle(HomePageTest.java:81)
... Removed 29 stack frames]]>
    </failure>
  </testcase> <!-- checkmrktplctitle -->
</testsuite> <!-- Test -->
